<?xml version="1.0" encoding="UTF-8"?>
<!-- Generated by org.testng.reporters.JUnitReportReporter -->
<testsuite skipped="0" hostname="INHYIZLP11199" name="com.google.run.TestRun" tests="1" failures="0" timestamp="30 Jan 2020 13:13:35 GMT" time="8.162" errors="0">
  <testcase name="search" time="8.162" classname="com.google.run.TestRun"/>
</testsuite> <!-- com.google.run.TestRun -->
